# JRE version: Java(TM) SE Runtime Environment (19.0.2+7) (build 19.0.2+7-44)
# Java VM: Java HotSpot(TM) 64-Bit Server VM (19.0.2+7-44, mixed mode, sharing, tiered, compressed oops, compressed class ptrs, g1 gc, windows-amd64)
GC Precious Log:
 CardTable entry size: 512
 Card Set container configuration: InlinePtr #cards 4 size 8 Array Of Cards #cards 16 size 48 Howl #buckets 8 coarsen threshold 3686 Howl Bitmap #cards 512 size 80 coarsen threshold 460 Card regions per heap region 1 cards per card region 4096
 CPUs: 8 total, 8 available
 Memory: 16122M
 Large Page Support: Disabled
 NUMA Support: Disabled
 Compressed Oops: Enabled (Zero based)
 Heap Region Size: 2M
 Heap Min Capacity: 8M
 Heap Initial Capacity: 252M
 Heap Max Capacity: 4032M
 Pre-touch: Disabled
 Parallel Workers: 8
 Concurrent Workers: 2
 Concurrent Refinement Workers: 8
 Periodic GC: Disabled
Heap:
 garbage-first heap   total 69632K, used 39645K [0x0000000704000000, 0x0000000800000000)
  region size 2048K, 9 young (18432K), 1 survivors (2048K)
 Metaspace       used 27020K, committed 27456K, reserved 1114112K
  class space    used 3542K, committed 3776K, reserved 1048576K
GC Heap History (18 events):
Event: 0.621 GC heap before
{Heap before GC invocations=0 (full 0):
 garbage-first heap   total 258048K, used 22528K [0x0000000704000000, 0x0000000800000000)
  region size 2048K, 11 young (22528K), 0 survivors (0K)
 Metaspace       used 5484K, committed 5632K, reserved 1114112K
  class space    used 624K, committed 704K, reserved 1048576K
}
Event: 0.624 GC heap after
{Heap after GC invocations=1 (full 0):
 garbage-first heap   total 258048K, used 3104K [0x0000000704000000, 0x0000000800000000)
  region size 2048K, 2 young (4096K), 2 survivors (4096K)
 Metaspace       used 5484K, committed 5632K, reserved 1114112K
  class space    used 624K, committed 704K, reserved 1048576K
}
Event: 3.519 GC heap before
{Heap before GC invocations=1 (full 0):
 garbage-first heap   total 258048K, used 39968K [0x0000000704000000, 0x0000000800000000)
  region size 2048K, 20 young (40960K), 2 survivors (4096K)
 Metaspace       used 14959K, committed 15232K, reserved 1114112K
  class space    used 2036K, committed 2176K, reserved 1048576K
}
Event: 3.526 GC heap after
{Heap after GC invocations=2 (full 0):
 garbage-first heap   total 258048K, used 12454K [0x0000000704000000, 0x0000000800000000)
  region size 2048K, 3 young (6144K), 3 survivors (6144K)
 Metaspace       used 14959K, committed 15232K, reserved 1114112K
  class space    used 2036K, committed 2176K, reserved 1048576K
}
Event: 121.603 GC heap before
{Heap before GC invocations=2 (full 0):
 garbage-first heap   total 258048K, used 34982K [0x0000000704000000, 0x0000000800000000)
  region size 2048K, 16 young (32768K), 3 survivors (6144K)
 Metaspace       used 21195K, committed 21504K, reserved 1114112K
  class space    used 2813K, committed 2944K, reserved 1048576K
}
Event: 121.609 GC heap after
{Heap after GC invocations=3 (full 0):
 garbage-first heap   total 258048K, used 16458K [0x0000000704000000, 0x0000000800000000)
  region size 2048K, 5 young (10240K), 5 survivors (10240K)
 Metaspace       used 21195K, committed 21504K, reserved 1114112K
  class space    used 2813K, committed 2944K, reserved 1048576K
}
Event: 128.602 GC heap before
{Heap before GC invocations=4 (full 0):
 garbage-first heap   total 69632K, used 47178K [0x0000000704000000, 0x0000000800000000)
  region size 2048K, 20 young (40960K), 5 survivors (10240K)
 Metaspace       used 23467K, committed 23872K, reserved 1114112K
  class space    used 3205K, committed 3392K, reserved 1048576K
}
Event: 128.617 GC heap after
{Heap after GC invocations=5 (full 0):
 garbage-first heap   total 69632K, used 20100K [0x0000000704000000, 0x0000000800000000)
  region size 2048K, 2 young (4096K), 2 survivors (4096K)
 Metaspace       used 23467K, committed 23872K, reserved 1114112K
  class space    used 3205K, committed 3392K, reserved 1048576K
}
Event: 132.549 GC heap before
{Heap before GC invocations=5 (full 0):
 garbage-first heap   total 69632K, used 22148K [0x0000000704000000, 0x0000000800000000)
  region size 2048K, 3 young (6144K), 2 survivors (4096K)
 Metaspace       used 23580K, committed 24000K, reserved 1114112K
  class space    used 3219K, committed 3456K, reserved 1048576K
}
Event: 132.552 GC heap after
{Heap after GC invocations=6 (full 0):
 garbage-first heap   total 69632K, used 20265K [0x0000000704000000, 0x0000000800000000)
  region size 2048K, 1 young (2048K), 1 survivors (2048K)
 Metaspace       used 23580K, committed 24000K, reserved 1114112K
  class space    used 3219K, committed 3456K, reserved 1048576K
}
Event: 266.970 GC heap before
{Heap before GC invocations=6 (full 0):
 garbage-first heap   total 69632K, used 44841K [0x0000000704000000, 0x0000000800000000)
  region size 2048K, 13 young (26624K), 1 survivors (2048K)
 Metaspace       used 24922K, committed 25344K, reserved 1114112K
  class space    used 3310K, committed 3520K, reserved 1048576K
}
Event: 266.978 GC heap after
{Heap after GC invocations=7 (full 0):
 garbage-first heap   total 69632K, used 21368K [0x0000000704000000, 0x0000000800000000)
  region size 2048K, 1 young (2048K), 1 survivors (2048K)
 Metaspace       used 24922K, committed 25344K, reserved 1114112K
  class space    used 3310K, committed 3520K, reserved 1048576K
}
Event: 411.471 GC heap before
{Heap before GC invocations=7 (full 0):
 garbage-first heap   total 69632K, used 47992K [0x0000000704000000, 0x0000000800000000)
  region size 2048K, 14 young (28672K), 1 survivors (2048K)
 Metaspace       used 25753K, committed 26176K, reserved 1114112K
  class space    used 3397K, committed 3584K, reserved 1048576K
}
Event: 411.474 GC heap after
{Heap after GC invocations=8 (full 0):
 garbage-first heap   total 69632K, used 22974K [0x0000000704000000, 0x0000000800000000)
  region size 2048K, 2 young (4096K), 2 survivors (4096K)
 Metaspace       used 25753K, committed 26176K, reserved 1114112K
  class space    used 3397K, committed 3584K, reserved 1048576K
}
Event: 430.588 GC heap before
{Heap before GC invocations=8 (full 0):
 garbage-first heap   total 69632K, used 47550K [0x0000000704000000, 0x0000000800000000)
  region size 2048K, 14 young (28672K), 2 survivors (4096K)
 Metaspace       used 26699K, committed 27136K, reserved 1114112K
  class space    used 3537K, committed 3776K, reserved 1048576K
}
Event: 430.592 GC heap after
{Heap after GC invocations=9 (full 0):
 garbage-first heap   total 69632K, used 24668K [0x0000000704000000, 0x0000000800000000)
  region size 2048K, 2 young (4096K), 2 survivors (4096K)
 Metaspace       used 26699K, committed 27136K, reserved 1114112K
  class space    used 3537K, committed 3776K, reserved 1048576K
}
Event: 810.880 GC heap before
{Heap before GC invocations=9 (full 0):
 garbage-first heap   total 69632K, used 49244K [0x0000000704000000, 0x0000000800000000)
  region size 2048K, 14 young (28672K), 2 survivors (4096K)
 Metaspace       used 26882K, committed 27328K, reserved 1114112K
  class space    used 3541K, committed 3776K, reserved 1048576K
}
Event: 810.883 GC heap after
{Heap after GC invocations=10 (full 0):
 garbage-first heap   total 69632K, used 25309K [0x0000000704000000, 0x0000000800000000)
  region size 2048K, 1 young (2048K), 1 survivors (2048K)
 Metaspace       used 26882K, committed 27328K, reserved 1114112K
  class space    used 3541K, committed 3776K, reserved 1048576K
}

